<?xml version="1.0" encoding="UTF-8" ?>
<testsuite errors="1" failures="0" hostname="thamazgha-Lenovo-Y50-70" name="test.RunTests" skipped="0" tests="1" time="0.0" timestamp="2018-05-29T14:27:48">
  <properties>
[...]
</properties>
  <error message="test.RunTests" type="java.lang.ClassNotFoundException">java.lang.ClassNotFoundException: test.RunTests
	at java.net.URLClassLoader.findClass(URLClassLoader.java:381)
	at java.lang.ClassLoader.loadClass(ClassLoader.java:424)
	at sun.misc.Launcher$AppClassLoader.loadClass(Launcher.java:338)
	at java.lang.ClassLoader.loadClass(ClassLoader.java:357)
	at java.lang.Class.forName0(Native Method)
	at java.lang.Class.forName(Class.java:264)
</error>
  <system-out><![CDATA[]]></system-out>
  <system-err><![CDATA[]]></system-err>
</testsuite>
